<?xml version="1.0" encoding="UTF-8"?>
<!-- Generated by org.testng.reporters.JUnitReportReporter -->
<testsuite hostname="LAPTOP-02GDBC8M" failures="0" tests="1" name="vTiger.Pratice.AssertionsPratice" time="0.007" errors="0" timestamp="2022-11-29T16:47:30 IST" skipped="0">
  <testcase classname="vTiger.Pratice.AssertionsPratice" name="assertionsPratice" time="0.007"/>
  <system-out/>
</testsuite> <!-- vTiger.Pratice.AssertionsPratice -->
