<?xml version="1.0" encoding="UTF-8"?>
<!-- Generated by org.testng.reporters.JUnitReportReporter -->
<testsuite hostname="LAPTOP-02GDBC8M" failures="0" tests="10" name="vTiger.Pratice.TestNGInvocationCountPriorityPratice" time="0.020" errors="0" timestamp="2022-11-22T15:22:14 IST" skipped="0">
  <testcase classname="vTiger.Pratice.TestNGInvocationCountPriorityPratice" name="deleteCustomerTest" time="0.001"/>
  <system-out/>
  <testcase classname="vTiger.Pratice.TestNGInvocationCountPriorityPratice" name="deleteCustomerTest" time="0.000"/>
  <system-out/>
  <testcase classname="vTiger.Pratice.TestNGInvocationCountPriorityPratice" name="deleteCustomerTest" time="0.012"/>
  <system-out/>
  <testcase classname="vTiger.Pratice.TestNGInvocationCountPriorityPratice" name="deleteCustomerTest" time="0.001"/>
  <system-out/>
  <testcase classname="vTiger.Pratice.TestNGInvocationCountPriorityPratice" name="deleteCustomerTest" time="0.001"/>
  <system-out/>
  <testcase classname="vTiger.Pratice.TestNGInvocationCountPriorityPratice" name="modifyCustomerTest" time="0.000"/>
  <system-out/>
  <testcase classname="vTiger.Pratice.TestNGInvocationCountPriorityPratice" name="modifyCustomerTest" time="0.001"/>
  <system-out/>
  <testcase classname="vTiger.Pratice.TestNGInvocationCountPriorityPratice" name="modifyCustomerTest" time="0.002"/>
  <system-out/>
  <testcase classname="vTiger.Pratice.TestNGInvocationCountPriorityPratice" name="createCustomerTest" time="0.001"/>
  <system-out/>
  <testcase classname="vTiger.Pratice.TestNGInvocationCountPriorityPratice" name="createCustomerTest" time="0.001"/>
  <system-out/>
</testsuite> <!-- vTiger.Pratice.TestNGInvocationCountPriorityPratice -->
