<?xml version="1.0" encoding="UTF-8"?>
<!-- Generated by org.testng.reporters.JUnitReportReporter -->
<testsuite hostname="LAPTOP-02GDBC8M" failures="0" tests="1" name="vTiger.Pratice.BaseClassPratice" time="0.003" errors="0" timestamp="2022-11-24T17:14:52 IST" skipped="0">
  <testcase classname="vTiger.Pratice.BaseClassPratice" name="test" time="0.003"/>
  <system-out/>
</testsuite> <!-- vTiger.Pratice.BaseClassPratice -->
