<?xml version="1.0" encoding="UTF-8"?>
<!-- Generated by org.testng.reporters.JUnitReportReporter -->
<testsuite hostname="LAPTOP-02GDBC8M" failures="0" tests="3" name="vTiger.Pratice.DataProviderPratice" time="0.006" errors="0" timestamp="2022-11-24T13:21:48 IST" skipped="0">
  <testcase classname="vTiger.Pratice.DataProviderPratice" name="dataProviderPratice" time="0.000"/>
  <system-out/>
  <testcase classname="vTiger.Pratice.DataProviderPratice" name="dataProviderPratice" time="0.001"/>
  <system-out/>
  <testcase classname="vTiger.Pratice.DataProviderPratice" name="dataProviderPratice" time="0.005"/>
  <system-out/>
</testsuite> <!-- vTiger.Pratice.DataProviderPratice -->
