<?xml version="1.0" encoding="UTF-8"?>
<!-- Generated by org.testng.reporters.JUnitReportReporter -->
<testsuite hostname="LAPTOP-02GDBC8M" failures="0" tests="3" name="vTiger.Pratice.TestNGPriorityPratice" time="0.015" errors="0" timestamp="2022-11-22T15:18:25 IST" skipped="0">
  <testcase classname="vTiger.Pratice.TestNGPriorityPratice" name="deleteCustomerTest" time="0.014"/>
  <system-out/>
  <testcase classname="vTiger.Pratice.TestNGPriorityPratice" name="modifyCustomerTest" time="0.001"/>
  <system-out/>
  <testcase classname="vTiger.Pratice.TestNGPriorityPratice" name="createCustomerTest" time="0.000"/>
  <system-out/>
</testsuite> <!-- vTiger.Pratice.TestNGPriorityPratice -->
