<?xml version="1.0" encoding="UTF-8"?>
<!-- Generated by org.testng.reporters.JUnitReportReporter -->
<testsuite hostname="LAPTOP-02GDBC8M" failures="0" tests="7" name="vTiger.OrganizationsTests.CreateMultipleOrganization" time="118.392" errors="0" timestamp="2022-11-24T14:57:49 IST" skipped="0">
  <testcase classname="vTiger.OrganizationsTests.CreateMultipleOrganization" name="createMultipleOrg" time="29.939"/>
  <system-out/>
  <testcase classname="vTiger.OrganizationsTests.CreateMultipleOrganization" name="createMultipleOrg" time="14.272"/>
  <system-out/>
  <testcase classname="vTiger.OrganizationsTests.CreateMultipleOrganization" name="createMultipleOrg" time="16.146"/>
  <system-out/>
  <testcase classname="vTiger.OrganizationsTests.CreateMultipleOrganization" name="createMultipleOrg" time="13.301"/>
  <system-out/>
  <testcase classname="vTiger.OrganizationsTests.CreateMultipleOrganization" name="createMultipleOrg" time="12.981"/>
  <system-out/>
  <testcase classname="vTiger.OrganizationsTests.CreateMultipleOrganization" name="createMultipleOrg" time="17.958"/>
  <system-out/>
  <testcase classname="vTiger.OrganizationsTests.CreateMultipleOrganization" name="createMultipleOrg" time="13.795"/>
  <system-out/>
</testsuite> <!-- vTiger.OrganizationsTests.CreateMultipleOrganization -->
