<?xml version="1.0" encoding="UTF-8"?>
<!-- Generated by org.testng.reporters.JUnitReportReporter -->
<testsuite hostname="LAPTOP-02GDBC8M" failures="0" tests="3" name="vTiger.Pratice.TestNGEnabled" time="0.014" errors="0" timestamp="2022-11-22T15:31:22 IST" skipped="1">
  <testcase classname="vTiger.Pratice.TestNGEnabled" name="deleteCustomerTest" time="0.001"/>
  <system-out/>
  <testcase classname="vTiger.Pratice.TestNGEnabled" name="createCustomerTest" time="0.013"/>
  <system-out/>
  <testcase classname="vTiger.Pratice.TestNGEnabled" name="modifyCustomerTest">
    <skipped/>
  </testcase> <!-- modifyCustomerTest -->
  <system-out/>
</testsuite> <!-- vTiger.Pratice.TestNGEnabled -->
