<?xml version="1.0" encoding="UTF-8"?>
<!-- Generated by org.testng.reporters.JUnitReportReporter -->
<testsuite hostname="LAPTOP-02GDBC8M" failures="0" tests="1" name="vTiger.Pratice.TestNGDependsOnMethodsPratice" time="0.005" errors="0" timestamp="2022-11-22T16:27:29 IST" skipped="0">
  <testcase classname="vTiger.Pratice.TestNGDependsOnMethodsPratice" name="createCustomerTest" time="0.005"/>
  <system-out/>
</testsuite> <!-- vTiger.Pratice.TestNGDependsOnMethodsPratice -->
